# JRE version: OpenJDK Runtime Environment (8.0_152-b01) (build 1.8.0_152-release-1343-b01)
# Java VM: OpenJDK 64-Bit Server VM (25.152-b01 mixed mode windows-amd64 compressed oops)
Heap:
 PSYoungGen      total 473088K, used 159852K [0x00000000e0000000, 0x00000000ffd00000, 0x0000000100000000)
  eden space 428032K, 34% used [0x00000000e0000000,0x00000000e8f6b3a8,0x00000000fa200000)
  from space 45056K, 28% used [0x00000000fd100000,0x00000000fddafdd8,0x00000000ffd00000)
  to   space 46592K, 0% used [0x00000000fa200000,0x00000000fa200000,0x00000000fcf80000)
 ParOldGen       total 181248K, used 105118K [0x00000000a0000000, 0x00000000ab100000, 0x00000000e0000000)
  object space 181248K, 57% used [0x00000000a0000000,0x00000000a66a78d0,0x00000000ab100000)
 Metaspace       used 106609K, capacity 113108K, committed 113280K, reserved 1148928K
  class space    used 13108K, capacity 14167K, committed 14208K, reserved 1048576K
GC Heap History (10 events):
Event: 3756.944 GC heap before
{Heap before GC invocations=58 (full 4):
 PSYoungGen      total 398336K, used 376248K [0x00000000e0000000, 0x00000000fed00000, 0x0000000100000000)
  eden space 345600K, 99% used [0x00000000e0000000,0x00000000f5177808,0x00000000f5180000)
  from space 52736K, 58% used [0x00000000f5180000,0x00000000f6f76978,0x00000000f8500000)
  to   space 52224K, 0% used [0x00000000fba00000,0x00000000fba00000,0x00000000fed00000)
 ParOldGen       total 181248K, used 91229K [0x00000000a0000000, 0x00000000ab100000, 0x00000000e0000000)
  object space 181248K, 50% used [0x00000000a0000000,0x00000000a5917708,0x00000000ab100000)
 Metaspace       used 105348K, capacity 110796K, committed 110976K, reserved 1146880K
  class space    used 12937K, capacity 13859K, committed 13952K, reserved 1048576K
Event: 3757.068 GC heap after
Heap after GC invocations=58 (full 4):
 PSYoungGen      total 443392K, used 25029K [0x00000000e0000000, 0x00000000fe680000, 0x0000000100000000)
  eden space 397824K, 0% used [0x00000000e0000000,0x00000000e0000000,0x00000000f8480000)
  from space 45568K, 54% used [0x00000000fba00000,0x00000000fd2717b0,0x00000000fe680000)
  to   space 50176K, 0% used [0x00000000f8480000,0x00000000f8480000,0x00000000fb580000)
 ParOldGen       total 181248K, used 92561K [0x00000000a0000000, 0x00000000ab100000, 0x00000000e0000000)
  object space 181248K, 51% used [0x00000000a0000000,0x00000000a5a64718,0x00000000ab100000)
 Metaspace       used 105348K, capacity 110796K, committed 110976K, reserved 1146880K
  class space    used 12937K, capacity 13859K, committed 13952K, reserved 1048576K
}
Event: 3783.824 GC heap before
{Heap before GC invocations=59 (full 4):
 PSYoungGen      total 443392K, used 422853K [0x00000000e0000000, 0x00000000fe680000, 0x0000000100000000)
  eden space 397824K, 100% used [0x00000000e0000000,0x00000000f8480000,0x00000000f8480000)
  from space 45568K, 54% used [0x00000000fba00000,0x00000000fd2717b0,0x00000000fe680000)
  to   space 50176K, 0% used [0x00000000f8480000,0x00000000f8480000,0x00000000fb580000)
 ParOldGen       total 181248K, used 92561K [0x00000000a0000000, 0x00000000ab100000, 0x00000000e0000000)
  object space 181248K, 51% used [0x00000000a0000000,0x00000000a5a64718,0x00000000ab100000)
 Metaspace       used 105466K, capacity 110960K, committed 111232K, reserved 1146880K
  class space    used 12947K, capacity 13875K, committed 13952K, reserved 1048576K
Event: 3783.903 GC heap after
Heap after GC invocations=59 (full 4):
 PSYoungGen      total 448000K, used 14128K [0x00000000e0000000, 0x0000000100000000, 0x0000000100000000)
  eden space 397824K, 0% used [0x00000000e0000000,0x00000000e0000000,0x00000000f8480000)
  from space 50176K, 28% used [0x00000000f8480000,0x00000000f924c090,0x00000000fb580000)
  to   space 49152K, 0% used [0x00000000fd000000,0x00000000fd000000,0x0000000100000000)
 ParOldGen       total 181248K, used 94913K [0x00000000a0000000, 0x00000000ab100000, 0x00000000e0000000)
  object space 181248K, 52% used [0x00000000a0000000,0x00000000a5cb0758,0x00000000ab100000)
 Metaspace       used 105466K, capacity 110960K, committed 111232K, reserved 1146880K
  class space    used 12947K, capacity 13875K, committed 13952K, reserved 1048576K
}
Event: 3822.930 GC heap before
{Heap before GC invocations=60 (full 4):
 PSYoungGen      total 448000K, used 411952K [0x00000000e0000000, 0x0000000100000000, 0x0000000100000000)
  eden space 397824K, 100% used [0x00000000e0000000,0x00000000f8480000,0x00000000f8480000)
  from space 50176K, 28% used [0x00000000f8480000,0x00000000f924c090,0x00000000fb580000)
  to   space 49152K, 0% used [0x00000000fd000000,0x00000000fd000000,0x0000000100000000)
 ParOldGen       total 181248K, used 94913K [0x00000000a0000000, 0x00000000ab100000, 0x00000000e0000000)
  object space 181248K, 52% used [0x00000000a0000000,0x00000000a5cb0758,0x00000000ab100000)
 Metaspace       used 105557K, capacity 111094K, committed 111232K, reserved 1146880K
  class space    used 12948K, capacity 13876K, committed 13952K, reserved 1048576K
Event: 3823.028 GC heap after
Heap after GC invocations=60 (full 4):
 PSYoungGen      total 472064K, used 9706K [0x00000000e0000000, 0x00000000ffe00000, 0x0000000100000000)
  eden space 424960K, 0% used [0x00000000e0000000,0x00000000e0000000,0x00000000f9f00000)
  from space 47104K, 20% used [0x00000000fd000000,0x00000000fd97a848,0x00000000ffe00000)
  to   space 48640K, 0% used [0x00000000f9f00000,0x00000000f9f00000,0x00000000fce80000)
 ParOldGen       total 181248K, used 103994K [0x00000000a0000000, 0x00000000ab100000, 0x00000000e0000000)
  object space 181248K, 57% used [0x00000000a0000000,0x00000000a658e9a8,0x00000000ab100000)
 Metaspace       used 105557K, capacity 111094K, committed 111232K, reserved 1146880K
  class space    used 12948K, capacity 13876K, committed 13952K, reserved 1048576K
}
Event: 3837.213 GC heap before
{Heap before GC invocations=61 (full 4):
 PSYoungGen      total 472064K, used 434666K [0x00000000e0000000, 0x00000000ffe00000, 0x0000000100000000)
  eden space 424960K, 100% used [0x00000000e0000000,0x00000000f9f00000,0x00000000f9f00000)
  from space 47104K, 20% used [0x00000000fd000000,0x00000000fd97a848,0x00000000ffe00000)
  to   space 48640K, 0% used [0x00000000f9f00000,0x00000000f9f00000,0x00000000fce80000)
 ParOldGen       total 181248K, used 103994K [0x00000000a0000000, 0x00000000ab100000, 0x00000000e0000000)
  object space 181248K, 57% used [0x00000000a0000000,0x00000000a658e9a8,0x00000000ab100000)
 Metaspace       used 105629K, capacity 111166K, committed 111488K, reserved 1146880K
  class space    used 12948K, capacity 13876K, committed 13952K, reserved 1048576K
Event: 3837.242 GC heap after
Heap after GC invocations=61 (full 4):
 PSYoungGen      total 473600K, used 12796K [0x00000000e0000000, 0x00000000fff80000, 0x0000000100000000)
  eden space 424960K, 0% used [0x00000000e0000000,0x00000000e0000000,0x00000000f9f00000)
  from space 48640K, 26% used [0x00000000f9f00000,0x00000000fab7f090,0x00000000fce80000)
  to   space 47616K, 0% used [0x00000000fd100000,0x00000000fd100000,0x00000000fff80000)
 ParOldGen       total 181248K, used 104206K [0x00000000a0000000, 0x00000000ab100000, 0x00000000e0000000)
  object space 181248K, 57% used [0x00000000a0000000,0x00000000a65c39f8,0x00000000ab100000)
 Metaspace       used 105629K, capacity 111166K, committed 111488K, reserved 1146880K
  class space    used 12948K, capacity 13876K, committed 13952K, reserved 1048576K
}
Event: 4446.171 GC heap before
{Heap before GC invocations=62 (full 4):
 PSYoungGen      total 473600K, used 437756K [0x00000000e0000000, 0x00000000fff80000, 0x0000000100000000)
  eden space 424960K, 100% used [0x00000000e0000000,0x00000000f9f00000,0x00000000f9f00000)
  from space 48640K, 26% used [0x00000000f9f00000,0x00000000fab7f090,0x00000000fce80000)
  to   space 47616K, 0% used [0x00000000fd100000,0x00000000fd100000,0x00000000fff80000)
 ParOldGen       total 181248K, used 104206K [0x00000000a0000000, 0x00000000ab100000, 0x00000000e0000000)
  object space 181248K, 57% used [0x00000000a0000000,0x00000000a65c39f8,0x00000000ab100000)
 Metaspace       used 106546K, capacity 113076K, committed 113280K, reserved 1148928K
  class space    used 13102K, capacity 14161K, committed 14208K, reserved 1048576K
Event: 4446.217 GC heap after
Heap after GC invocations=62 (full 4):
 PSYoungGen      total 473088K, used 12991K [0x00000000e0000000, 0x00000000ffd00000, 0x0000000100000000)
  eden space 428032K, 0% used [0x00000000e0000000,0x00000000e0000000,0x00000000fa200000)
  from space 45056K, 28% used [0x00000000fd100000,0x00000000fddafdd8,0x00000000ffd00000)
  to   space 46592K, 0% used [0x00000000fa200000,0x00000000fa200000,0x00000000fcf80000)
 ParOldGen       total 181248K, used 105118K [0x00000000a0000000, 0x00000000ab100000, 0x00000000e0000000)
  object space 181248K, 57% used [0x00000000a0000000,0x00000000a66a78d0,0x00000000ab100000)
 Metaspace       used 106546K, capacity 113076K, committed 113280K, reserved 1148928K
  class space    used 13102K, capacity 14161K, committed 14208K, reserved 1048576K
}

